<?xml version="1.0" encoding="utf-8"?><testsuites name="pytest tests"><testsuite name="pytest" errors="0" failures="0" skipped="0" tests="22" time="110.575" timestamp="2026-08-10T15:00:53.052438-04:00" hostname="DESKTOP-2TSQ1GV"><testcase classname="automation_selenium.tests.test_authentication.TestAuthentication" name="test_tc01_successful_login" time="4.086" /><testcase classname="automation_selenium.tests.test_authentication.TestAuthentication" name="test_tc02_login_error_validation[invalid_user-wrong_password-Epic sadface: Username and password do not match any user in this service]" time="4.076" /><testcase classname="automation_selenium.tests.test_authentication.TestAuthentication" name="test_tc02_login_error_validation[locked_out_user-secret_sauce-Epic sadface: Sorry, this user has been locked out.]" time="4.052" /><testcase classname="automation_selenium.tests.test_authentication.TestAuthentication" name="test_tc02_login_error_validation[-secret_sauce-Epic sadface: Username is required]" time="4.087" /><testcase classname="automation_selenium.tests.test_authentication.TestAuthentication" name="test_tc02_login_error_validation[standard_user--Epic sadface: Password is required]" time="3.906" /><testcase classname="automation_selenium.tests.test_authentication.TestAuthentication" name="test_tc14_secure_logout" time="5.032" /><testcase classname="automation_selenium.tests.test_cart.TestCart" name="test_tc06_add_to_cart" time="4.938" /><testcase classname="automation_selenium.tests.test_cart.TestCart" name="test_tc07_remove_from_cart" time="7.284" /><testcase classname="automation_selenium.tests.test_cart.TestCart" name="test_tc08_cart_review" time="5.052" /><testcase classname="automation_selenium.tests.test_checkout.TestCheckout" name="test_tc09_checkout_empty_fields_validation" time="5.119" /><testcase classname="automation_selenium.tests.test_checkout.TestCheckout" name="test_tc10_checkout_input_validation[Meet---Error: Last Name is required]" time="5.189" /><testcase classname="automation_selenium.tests.test_checkout.TestCheckout" name="test_tc10_checkout_input_validation[Meet-Ahalpara--Error: Postal Code is required]" time="5.218" /><testcase classname="automation_selenium.tests.test_checkout.TestCheckout" name="test_tc11_order_overview_calculations" time="5.506" /><testcase classname="automation_selenium.tests.test_checkout.TestCheckout" name="test_tc12_finish_order_confirmation" time="6.053" /><testcase classname="automation_selenium.tests.test_checkout.TestCheckout" name="test_tc13_cancel_checkout_redirection" time="6.249" /><testcase classname="automation_selenium.tests.test_e2e_workflow.TestEndToEndWorkflow" name="test_complete_e2e_shopping_workflow" time="8.673" /><testcase classname="automation_selenium.tests.test_inventory.TestInventory" name="test_tc03_inventory_display" time="3.967" /><testcase classname="automation_selenium.tests.test_inventory.TestInventory" name="test_tc04_product_sorting[az-Name (A to Z)-name_asc]" time="4.323" /><testcase classname="automation_selenium.tests.test_inventory.TestInventory" name="test_tc04_product_sorting[za-Name (Z to A)-name_desc]" time="4.372" /><testcase classname="automation_selenium.tests.test_inventory.TestInventory" name="test_tc04_product_sorting[lohi-Price (low to high)-price_asc]" time="4.302" /><testcase classname="automation_selenium.tests.test_inventory.TestInventory" name="test_tc04_product_sorting[hilo-Price (high to low)-price_desc]" time="4.411" /><testcase classname="automation_selenium.tests.test_inventory.TestInventory" name="test_tc05_product_details_view" time="4.616" /></testsuite></testsuites>